# JRE version: OpenJDK Runtime Environment Temurin-21.0.8+9 (21.0.8+9) (build 21.0.8+9-LTS)
# Java VM: OpenJDK 64-Bit Server VM Temurin-21.0.8+9 (21.0.8+9-LTS, mixed mode, sharing, tiered, compressed oops, compressed class ptrs, parallel gc, windows-amd64)
GC Precious Log:
 CardTable entry size: 512
 CPUs: 16 total, 16 available
 Memory: 15479M
 Large Page Support: Disabled
 NUMA Support: Disabled
 Compressed Oops: Enabled (32-bit)
 Alignments: Space 512K, Generation 512K, Heap 2M
 Heap Min Capacity: 100M
 Heap Initial Capacity: 100M
 Heap Max Capacity: 2G
 Pre-touch: Disabled
 Parallel Workers: 13
Heap:
 PSYoungGen      total 2560K, used 2541K [0x00000000d5580000, 0x00000000d6200000, 0x0000000100000000)
  eden space 1536K, 100% used [0x00000000d5580000,0x00000000d5700000,0x00000000d5700000)
  from space 1024K, 98% used [0x00000000d5b80000,0x00000000d5c7b7e0,0x00000000d5c80000)
  to   space 4608K, 0% used [0x00000000d5700000,0x00000000d5700000,0x00000000d5b80000)
 ParOldGen       total 1398272K, used 1397871K [0x0000000080000000, 0x00000000d5580000, 0x00000000d5580000)
  object space 1398272K, 99% used [0x0000000080000000,0x00000000d551bd18,0x00000000d5580000)
 Metaspace       used 99471K, committed 101120K, reserved 1179648K
  class space    used 10276K, committed 11008K, reserved 1048576K
GC Heap History (20 events):
Event: 14203.508 GC heap after
{Heap after GC invocations=4256 (full 5):
 PSYoungGen      total 4608K, used 320K [0x00000000d5580000, 0x00000000d5d80000, 0x0000000100000000)
  eden space 4096K, 0% used [0x00000000d5580000,0x00000000d5580000,0x00000000d5980000)
  from space 512K, 62% used [0x00000000d5c80000,0x00000000d5cd0000,0x00000000d5d00000)
  to   space 512K, 0% used [0x00000000d5d00000,0x00000000d5d00000,0x00000000d5d80000)
 ParOldGen       total 1390592K, used 1390353K [0x0000000080000000, 0x00000000d4e00000, 0x00000000d5580000)
  object space 1390592K, 99% used [0x0000000080000000,0x00000000d4dc44a8,0x00000000d4e00000)
 Metaspace       used 99471K, committed 101120K, reserved 1179648K
  class space    used 10276K, committed 11008K, reserved 1048576K
}
Event: 14203.511 GC heap before
{Heap before GC invocations=4257 (full 5):
 PSYoungGen      total 4608K, used 4415K [0x00000000d5580000, 0x00000000d5d80000, 0x0000000100000000)
  eden space 4096K, 99% used [0x00000000d5580000,0x00000000d597fff8,0x00000000d5980000)
  from space 512K, 62% used [0x00000000d5c80000,0x00000000d5cd0000,0x00000000d5d00000)
  to   space 512K, 0% used [0x00000000d5d00000,0x00000000d5d00000,0x00000000d5d80000)
 ParOldGen       total 1390592K, used 1390353K [0x0000000080000000, 0x00000000d4e00000, 0x00000000d5580000)
  object space 1390592K, 99% used [0x0000000080000000,0x00000000d4dc44a8,0x00000000d4e00000)
 Metaspace       used 99471K, committed 101120K, reserved 1179648K
  class space    used 10276K, committed 11008K, reserved 1048576K
}
Event: 14203.512 GC heap after
{Heap after GC invocations=4257 (full 5):
 PSYoungGen      total 4608K, used 32K [0x00000000d5580000, 0x00000000d5d80000, 0x0000000100000000)
  eden space 4096K, 0% used [0x00000000d5580000,0x00000000d5580000,0x00000000d5980000)
  from space 512K, 6% used [0x00000000d5d00000,0x00000000d5d08000,0x00000000d5d80000)
  to   space 512K, 0% used [0x00000000d5c80000,0x00000000d5c80000,0x00000000d5d00000)
 ParOldGen       total 1390592K, used 1390401K [0x0000000080000000, 0x00000000d4e00000, 0x00000000d5580000)
  object space 1390592K, 99% used [0x0000000080000000,0x00000000d4dd04a8,0x00000000d4e00000)
 Metaspace       used 99471K, committed 101120K, reserved 1179648K
  class space    used 10276K, committed 11008K, reserved 1048576K
}
Event: 14303.371 GC heap before
{Heap before GC invocations=4258 (full 5):
 PSYoungGen      total 4608K, used 4128K [0x00000000d5580000, 0x00000000d5d80000, 0x0000000100000000)
  eden space 4096K, 100% used [0x00000000d5580000,0x00000000d5980000,0x00000000d5980000)
  from space 512K, 6% used [0x00000000d5d00000,0x00000000d5d08000,0x00000000d5d80000)
  to   space 512K, 0% used [0x00000000d5c80000,0x00000000d5c80000,0x00000000d5d00000)
 ParOldGen       total 1390592K, used 1390401K [0x0000000080000000, 0x00000000d4e00000, 0x00000000d5580000)
  object space 1390592K, 99% used [0x0000000080000000,0x00000000d4dd04a8,0x00000000d4e00000)
 Metaspace       used 99471K, committed 101120K, reserved 1179648K
  class space    used 10276K, committed 11008K, reserved 1048576K
}
Event: 14303.372 GC heap after
{Heap after GC invocations=4258 (full 5):
 PSYoungGen      total 4608K, used 480K [0x00000000d5580000, 0x00000000d5d80000, 0x0000000100000000)
  eden space 4096K, 0% used [0x00000000d5580000,0x00000000d5580000,0x00000000d5980000)
  from space 512K, 93% used [0x00000000d5c80000,0x00000000d5cf8020,0x00000000d5d00000)
  to   space 512K, 0% used [0x00000000d5d00000,0x00000000d5d00000,0x00000000d5d80000)
 ParOldGen       total 1390592K, used 1390401K [0x0000000080000000, 0x00000000d4e00000, 0x00000000d5580000)
  object space 1390592K, 99% used [0x0000000080000000,0x00000000d4dd04a8,0x00000000d4e00000)
 Metaspace       used 99471K, committed 101120K, reserved 1179648K
  class space    used 10276K, committed 11008K, reserved 1048576K
}
Event: 14310.959 GC heap before
{Heap before GC invocations=4259 (full 5):
 PSYoungGen      total 4608K, used 4576K [0x00000000d5580000, 0x00000000d5d80000, 0x0000000100000000)
  eden space 4096K, 100% used [0x00000000d5580000,0x00000000d5980000,0x00000000d5980000)
  from space 512K, 93% used [0x00000000d5c80000,0x00000000d5cf8020,0x00000000d5d00000)
  to   space 512K, 0% used [0x00000000d5d00000,0x00000000d5d00000,0x00000000d5d80000)
 ParOldGen       total 1390592K, used 1390401K [0x0000000080000000, 0x00000000d4e00000, 0x00000000d5580000)
  object space 1390592K, 99% used [0x0000000080000000,0x00000000d4dd04a8,0x00000000d4e00000)
 Metaspace       used 99471K, committed 101120K, reserved 1179648K
  class space    used 10276K, committed 11008K, reserved 1048576K
}
Event: 14310.960 GC heap after
{Heap after GC invocations=4259 (full 5):
 PSYoungGen      total 4608K, used 384K [0x00000000d5580000, 0x00000000d5d80000, 0x0000000100000000)
  eden space 4096K, 0% used [0x00000000d5580000,0x00000000d5580000,0x00000000d5980000)
  from space 512K, 75% used [0x00000000d5d00000,0x00000000d5d60000,0x00000000d5d80000)
  to   space 512K, 0% used [0x00000000d5c80000,0x00000000d5c80000,0x00000000d5d00000)
 ParOldGen       total 1390592K, used 1390569K [0x0000000080000000, 0x00000000d4e00000, 0x00000000d5580000)
  object space 1390592K, 99% used [0x0000000080000000,0x00000000d4dfa4c8,0x00000000d4e00000)
 Metaspace       used 99471K, committed 101120K, reserved 1179648K
  class space    used 10276K, committed 11008K, reserved 1048576K
}
Event: 14310.965 GC heap before
{Heap before GC invocations=4260 (full 5):
 PSYoungGen      total 4608K, used 4479K [0x00000000d5580000, 0x00000000d5d80000, 0x0000000100000000)
  eden space 4096K, 99% used [0x00000000d5580000,0x00000000d597fff0,0x00000000d5980000)
  from space 512K, 75% used [0x00000000d5d00000,0x00000000d5d60000,0x00000000d5d80000)
  to   space 512K, 0% used [0x00000000d5c80000,0x00000000d5c80000,0x00000000d5d00000)
 ParOldGen       total 1390592K, used 1390569K [0x0000000080000000, 0x00000000d4e00000, 0x00000000d5580000)
  object space 1390592K, 99% used [0x0000000080000000,0x00000000d4dfa4c8,0x00000000d4e00000)
 Metaspace       used 99471K, committed 101120K, reserved 1179648K
  class space    used 10276K, committed 11008K, reserved 1048576K
}
Event: 14310.966 GC heap after
{Heap after GC invocations=4260 (full 5):
 PSYoungGen      total 4608K, used 486K [0x00000000d5580000, 0x00000000d6180000, 0x0000000100000000)
  eden space 4096K, 0% used [0x00000000d5580000,0x00000000d5580000,0x00000000d5980000)
  from space 512K, 95% used [0x00000000d5c80000,0x00000000d5cf9bf0,0x00000000d5d00000)
  to   space 4096K, 0% used [0x00000000d5d80000,0x00000000d5d80000,0x00000000d6180000)
 ParOldGen       total 1393664K, used 1393212K [0x0000000080000000, 0x00000000d5100000, 0x00000000d5580000)
  object space 1393664K, 99% used [0x0000000080000000,0x00000000d508f168,0x00000000d5100000)
 Metaspace       used 99471K, committed 101120K, reserved 1179648K
  class space    used 10276K, committed 11008K, reserved 1048576K
}
Event: 14310.970 GC heap before
{Heap before GC invocations=4261 (full 5):
 PSYoungGen      total 4608K, used 4582K [0x00000000d5580000, 0x00000000d6180000, 0x0000000100000000)
  eden space 4096K, 100% used [0x00000000d5580000,0x00000000d5980000,0x00000000d5980000)
  from space 512K, 95% used [0x00000000d5c80000,0x00000000d5cf9bf0,0x00000000d5d00000)
  to   space 4096K, 0% used [0x00000000d5d80000,0x00000000d5d80000,0x00000000d6180000)
 ParOldGen       total 1393664K, used 1393212K [0x0000000080000000, 0x00000000d5100000, 0x00000000d5580000)
  object space 1393664K, 99% used [0x0000000080000000,0x00000000d508f168,0x00000000d5100000)
 Metaspace       used 99471K, committed 101120K, reserved 1179648K
  class space    used 10276K, committed 11008K, reserved 1048576K
}
Event: 14310.971 GC heap after
{Heap after GC invocations=4261 (full 5):
 PSYoungGen      total 7680K, used 3981K [0x00000000d5580000, 0x00000000d6280000, 0x0000000100000000)
  eden space 3584K, 0% used [0x00000000d5580000,0x00000000d5580000,0x00000000d5900000)
  from space 4096K, 97% used [0x00000000d5d80000,0x00000000d61637e0,0x00000000d6180000)
  to   space 4608K, 0% used [0x00000000d5900000,0x00000000d5900000,0x00000000d5d80000)
 ParOldGen       total 1393664K, used 1393562K [0x0000000080000000, 0x00000000d5100000, 0x00000000d5580000)
  object space 1393664K, 99% used [0x0000000080000000,0x00000000d50e6b18,0x00000000d5100000)
 Metaspace       used 99471K, committed 101120K, reserved 1179648K
  class space    used 10276K, committed 11008K, reserved 1048576K
}
Event: 14310.976 GC heap before
{Heap before GC invocations=4262 (full 5):
 PSYoungGen      total 7680K, used 7565K [0x00000000d5580000, 0x00000000d6280000, 0x0000000100000000)
  eden space 3584K, 100% used [0x00000000d5580000,0x00000000d5900000,0x00000000d5900000)
  from space 4096K, 97% used [0x00000000d5d80000,0x00000000d61637e0,0x00000000d6180000)
  to   space 4608K, 0% used [0x00000000d5900000,0x00000000d5900000,0x00000000d5d80000)
 ParOldGen       total 1393664K, used 1393562K [0x0000000080000000, 0x00000000d5100000, 0x00000000d5580000)
  object space 1393664K, 99% used [0x0000000080000000,0x00000000d50e6b18,0x00000000d5100000)
 Metaspace       used 99471K, committed 101120K, reserved 1179648K
  class space    used 10276K, committed 11008K, reserved 1048576K
}
Event: 14310.977 GC heap after
{Heap after GC invocations=4262 (full 5):
 PSYoungGen      total 6144K, used 2125K [0x00000000d5580000, 0x00000000d5f00000, 0x0000000100000000)
  eden space 3584K, 0% used [0x00000000d5580000,0x00000000d5580000,0x00000000d5900000)
  from space 2560K, 83% used [0x00000000d5900000,0x00000000d5b137e0,0x00000000d5b80000)
  to   space 3072K, 0% used [0x00000000d5c00000,0x00000000d5c00000,0x00000000d5f00000)
 ParOldGen       total 1394688K, used 1394506K [0x0000000080000000, 0x00000000d5200000, 0x00000000d5580000)
  object space 1394688K, 99% used [0x0000000080000000,0x00000000d51d2b18,0x00000000d5200000)
 Metaspace       used 99471K, committed 101120K, reserved 1179648K
  class space    used 10276K, committed 11008K, reserved 1048576K
}
Event: 14310.980 GC heap before
{Heap before GC invocations=4263 (full 5):
 PSYoungGen      total 6144K, used 5709K [0x00000000d5580000, 0x00000000d5f00000, 0x0000000100000000)
  eden space 3584K, 100% used [0x00000000d5580000,0x00000000d5900000,0x00000000d5900000)
  from space 2560K, 83% used [0x00000000d5900000,0x00000000d5b137e0,0x00000000d5b80000)
  to   space 3072K, 0% used [0x00000000d5c00000,0x00000000d5c00000,0x00000000d5f00000)
 ParOldGen       total 1394688K, used 1394506K [0x0000000080000000, 0x00000000d5200000, 0x00000000d5580000)
  object space 1394688K, 99% used [0x0000000080000000,0x00000000d51d2b18,0x00000000d5200000)
 Metaspace       used 99471K, committed 101120K, reserved 1179648K
  class space    used 10276K, committed 11008K, reserved 1048576K
}
Event: 14310.981 GC heap after
{Heap after GC invocations=4263 (full 5):
 PSYoungGen      total 5120K, used 1485K [0x00000000d5580000, 0x00000000d5d80000, 0x0000000100000000)
  eden space 3584K, 0% used [0x00000000d5580000,0x00000000d5580000,0x00000000d5900000)
  from space 1536K, 96% used [0x00000000d5c00000,0x00000000d5d737e0,0x00000000d5d80000)
  to   space 2048K, 0% used [0x00000000d5980000,0x00000000d5980000,0x00000000d5b80000)
 ParOldGen       total 1395200K, used 1395005K [0x0000000080000000, 0x00000000d5280000, 0x00000000d5580000)
  object space 1395200K, 99% used [0x0000000080000000,0x00000000d524f418,0x00000000d5280000)
 Metaspace       used 99471K, committed 101120K, reserved 1179648K
  class space    used 10276K, committed 11008K, reserved 1048576K
}
Event: 14311.793 GC heap before
{Heap before GC invocations=4264 (full 5):
 PSYoungGen      total 5120K, used 5069K [0x00000000d5580000, 0x00000000d5d80000, 0x0000000100000000)
  eden space 3584K, 100% used [0x00000000d5580000,0x00000000d5900000,0x00000000d5900000)
  from space 1536K, 96% used [0x00000000d5c00000,0x00000000d5d737e0,0x00000000d5d80000)
  to   space 2048K, 0% used [0x00000000d5980000,0x00000000d5980000,0x00000000d5b80000)
 ParOldGen       total 1395200K, used 1395005K [0x0000000080000000, 0x00000000d5280000, 0x00000000d5580000)
  object space 1395200K, 99% used [0x0000000080000000,0x00000000d524f418,0x00000000d5280000)
 Metaspace       used 99471K, committed 101120K, reserved 1179648K
  class space    used 10276K, committed 11008K, reserved 1048576K
}
Event: 14311.794 GC heap after
{Heap after GC invocations=4264 (full 5):
 PSYoungGen      total 5632K, used 640K [0x00000000d5580000, 0x00000000d5c80000, 0x0000000100000000)
  eden space 3584K, 0% used [0x00000000d5580000,0x00000000d5580000,0x00000000d5900000)
  from space 2048K, 31% used [0x00000000d5980000,0x00000000d5a20000,0x00000000d5b80000)
  to   space 1024K, 0% used [0x00000000d5b80000,0x00000000d5b80000,0x00000000d5c80000)
 ParOldGen       total 1395200K, used 1395013K [0x0000000080000000, 0x00000000d5280000, 0x00000000d5580000)
  object space 1395200K, 99% used [0x0000000080000000,0x00000000d5251418,0x00000000d5280000)
 Metaspace       used 99471K, committed 101120K, reserved 1179648K
  class space    used 10276K, committed 11008K, reserved 1048576K
}
Event: 14311.797 GC heap before
{Heap before GC invocations=4265 (full 5):
 PSYoungGen      total 5632K, used 4224K [0x00000000d5580000, 0x00000000d5c80000, 0x0000000100000000)
  eden space 3584K, 100% used [0x00000000d5580000,0x00000000d5900000,0x00000000d5900000)
  from space 2048K, 31% used [0x00000000d5980000,0x00000000d5a20000,0x00000000d5b80000)
  to   space 1024K, 0% used [0x00000000d5b80000,0x00000000d5b80000,0x00000000d5c80000)
 ParOldGen       total 1395200K, used 1395013K [0x0000000080000000, 0x00000000d5280000, 0x00000000d5580000)
  object space 1395200K, 99% used [0x0000000080000000,0x00000000d5251418,0x00000000d5280000)
 Metaspace       used 99471K, committed 101120K, reserved 1179648K
  class space    used 10276K, committed 11008K, reserved 1048576K
}
Event: 14311.798 GC heap after
{Heap after GC invocations=4265 (full 5):
 PSYoungGen      total 2560K, used 1005K [0x00000000d5580000, 0x00000000d6200000, 0x0000000100000000)
  eden space 1536K, 0% used [0x00000000d5580000,0x00000000d5580000,0x00000000d5700000)
  from space 1024K, 98% used [0x00000000d5b80000,0x00000000d5c7b7e0,0x00000000d5c80000)
  to   space 4608K, 0% used [0x00000000d5700000,0x00000000d5700000,0x00000000d5b80000)
 ParOldGen       total 1398272K, used 1397871K [0x0000000080000000, 0x00000000d5580000, 0x00000000d5580000)
  object space 1398272K, 99% used [0x0000000080000000,0x00000000d551bd18,0x00000000d5580000)
 Metaspace       used 99471K, committed 101120K, reserved 1179648K
  class space    used 10276K, committed 11008K, reserved 1048576K
}
Event: 14311.800 GC heap before
{Heap before GC invocations=4266 (full 6):
 PSYoungGen      total 2560K, used 2541K [0x00000000d5580000, 0x00000000d6200000, 0x0000000100000000)
  eden space 1536K, 100% used [0x00000000d5580000,0x00000000d5700000,0x00000000d5700000)
  from space 1024K, 98% used [0x00000000d5b80000,0x00000000d5c7b7e0,0x00000000d5c80000)
  to   space 4608K, 0% used [0x00000000d5700000,0x00000000d5700000,0x00000000d5b80000)
 ParOldGen       total 1398272K, used 1397871K [0x0000000080000000, 0x00000000d5580000, 0x00000000d5580000)
  object space 1398272K, 99% used [0x0000000080000000,0x00000000d551bd18,0x00000000d5580000)
 Metaspace       used 99471K, committed 101120K, reserved 1179648K
  class space    used 10276K, committed 11008K, reserved 1048576K
}

